{"/Users/sudheshnadama/Downloads/fullstack-form-management/backend/controllers/submissions.js": {"path":"/Users/sudheshnadama/Downloads/fullstack-form-management/backend/controllers/submissions.js","statementMap":{"0":{"start":{"line":1,"column":23},"end":{"line":1,"column":43}},"1":{"start":{"line":3,"column":0},"end":{"line":7,"column":2}},"2":{"start":{"line":4,"column":22},"end":{"line":4,"column":48}},"3":{"start":{"line":6,"column":2},"end":{"line":6,"column":24}},"4":{"start":{"line":9,"column":0},"end":{"line":13,"column":2}},"5":{"start":{"line":10,"column":16},"end":{"line":10,"column":56}},"6":{"start":{"line":11,"column":2},"end":{"line":11,"column":55}},"7":{"start":{"line":11,"column":14},"end":{"line":11,"column":55}},"8":{"start":{"line":12,"column":2},"end":{"line":12,"column":18}},"9":{"start":{"line":15,"column":0},"end":{"line":22,"column":2}},"10":{"start":{"line":16,"column":2},"end":{"line":21,"column":3}},"11":{"start":{"line":17,"column":21},"end":{"line":17,"column":54}},"12":{"start":{"line":18,"column":4},"end":{"line":18,"column":35}},"13":{"start":{"line":20,"column":4},"end":{"line":20,"column":49}},"14":{"start":{"line":24,"column":0},"end":{"line":29,"column":2}},"15":{"start":{"line":25,"column":16},"end":{"line":25,"column":56}},"16":{"start":{"line":26,"column":2},"end":{"line":26,"column":55}},"17":{"start":{"line":26,"column":14},"end":{"line":26,"column":55}},"18":{"start":{"line":27,"column":2},"end":{"line":27,"column":31}},"19":{"start":{"line":28,"column":2},"end":{"line":28,"column":18}},"20":{"start":{"line":31,"column":0},"end":{"line":36,"column":2}},"21":{"start":{"line":32,"column":16},"end":{"line":32,"column":56}},"22":{"start":{"line":33,"column":2},"end":{"line":33,"column":55}},"23":{"start":{"line":33,"column":14},"end":{"line":33,"column":55}},"24":{"start":{"line":34,"column":2},"end":{"line":34,"column":24}},"25":{"start":{"line":35,"column":2},"end":{"line":35,"column":22}}},"fnMap":{"0":{"name":"(anonymous_0)","decl":{"start":{"line":3,"column":17},"end":{"line":3,"column":18}},"loc":{"start":{"line":3,"column":37},"end":{"line":7,"column":1}},"line":3},"1":{"name":"(anonymous_1)","decl":{"start":{"line":9,"column":18},"end":{"line":9,"column":19}},"loc":{"start":{"line":9,"column":38},"end":{"line":13,"column":1}},"line":9},"2":{"name":"(anonymous_2)","decl":{"start":{"line":15,"column":17},"end":{"line":15,"column":18}},"loc":{"start":{"line":15,"column":37},"end":{"line":22,"column":1}},"line":15},"3":{"name":"(anonymous_3)","decl":{"start":{"line":24,"column":17},"end":{"line":24,"column":18}},"loc":{"start":{"line":24,"column":37},"end":{"line":29,"column":1}},"line":24},"4":{"name":"(anonymous_4)","decl":{"start":{"line":31,"column":17},"end":{"line":31,"column":18}},"loc":{"start":{"line":31,"column":37},"end":{"line":36,"column":1}},"line":31}},"branchMap":{"0":{"loc":{"start":{"line":11,"column":2},"end":{"line":11,"column":55}},"type":"if","locations":[{"start":{"line":11,"column":2},"end":{"line":11,"column":55}},{"start":{},"end":{}}],"line":11},"1":{"loc":{"start":{"line":26,"column":2},"end":{"line":26,"column":55}},"type":"if","locations":[{"start":{"line":26,"column":2},"end":{"line":26,"column":55}},{"start":{},"end":{}}],"line":26},"2":{"loc":{"start":{"line":33,"column":2},"end":{"line":33,"column":55}},"type":"if","locations":[{"start":{"line":33,"column":2},"end":{"line":33,"column":55}},{"start":{},"end":{}}],"line":33}},"s":{"0":1,"1":1,"2":1,"3":1,"4":1,"5":2,"6":2,"7":1,"8":1,"9":1,"10":1,"11":1,"12":1,"13":0,"14":1,"15":1,"16":1,"17":0,"18":1,"19":1,"20":1,"21":1,"22":1,"23":0,"24":1,"25":1},"f":{"0":1,"1":2,"2":1,"3":1,"4":1},"b":{"0":[1,1],"1":[0,1],"2":[0,1]},"_coverageSchema":"1a1c01bbd47fc00a2c39e90264f33305004495a9","hash":"bda06d72cf111f201d7f2ba581ee1882aa9f03e5"}
,"/Users/sudheshnadama/Downloads/fullstack-form-management/backend/models/index.js": {"path":"/Users/sudheshnadama/Downloads/fullstack-form-management/backend/models/index.js","statementMap":{"0":{"start":{"line":1,"column":22},"end":{"line":1,"column":42}},"1":{"start":{"line":2,"column":24},"end":{"line":2,"column":47}},"2":{"start":{"line":4,"column":18},"end":{"line":13,"column":1}},"3":{"start":{"line":15,"column":19},"end":{"line":15,"column":45}},"4":{"start":{"line":17,"column":0},"end":{"line":17,"column":43}}},"fnMap":{},"branchMap":{},"s":{"0":1,"1":1,"2":1,"3":1,"4":1},"f":{},"b":{},"_coverageSchema":"1a1c01bbd47fc00a2c39e90264f33305004495a9","hash":"ba66bd7019c17a4bc18a097bd2f9ac65f60b6664"}
,"/Users/sudheshnadama/Downloads/fullstack-form-management/backend/models/submission.js": {"path":"/Users/sudheshnadama/Downloads/fullstack-form-management/backend/models/submission.js","statementMap":{"0":{"start":{"line":1,"column":22},"end":{"line":1,"column":42}},"1":{"start":{"line":3,"column":0},"end":{"line":18,"column":5}},"2":{"start":{"line":4,"column":2},"end":{"line":18,"column":4}}},"fnMap":{"0":{"name":"(anonymous_0)","decl":{"start":{"line":3,"column":17},"end":{"line":3,"column":18}},"loc":{"start":{"line":4,"column":2},"end":{"line":18,"column":4}},"line":4}},"branchMap":{},"s":{"0":1,"1":1,"2":1},"f":{"0":1},"b":{},"_coverageSchema":"1a1c01bbd47fc00a2c39e90264f33305004495a9","hash":"3a0e49aa926bcac37812f24da4c9b680d7a03cbd"}
,"/Users/sudheshnadama/Downloads/fullstack-form-management/backend/routes/submissions.js": {"path":"/Users/sudheshnadama/Downloads/fullstack-form-management/backend/routes/submissions.js","statementMap":{"0":{"start":{"line":1,"column":16},"end":{"line":1,"column":34}},"1":{"start":{"line":2,"column":15},"end":{"line":2,"column":31}},"2":{"start":{"line":3,"column":19},"end":{"line":3,"column":56}},"3":{"start":{"line":5,"column":0},"end":{"line":5,"column":35}},"4":{"start":{"line":6,"column":0},"end":{"line":6,"column":39}},"5":{"start":{"line":7,"column":0},"end":{"line":7,"column":36}},"6":{"start":{"line":8,"column":0},"end":{"line":8,"column":38}},"7":{"start":{"line":9,"column":0},"end":{"line":9,"column":41}},"8":{"start":{"line":11,"column":0},"end":{"line":11,"column":24}}},"fnMap":{},"branchMap":{},"s":{"0":1,"1":1,"2":1,"3":1,"4":1,"5":1,"6":1,"7":1,"8":1},"f":{},"b":{},"_coverageSchema":"1a1c01bbd47fc00a2c39e90264f33305004495a9","hash":"54f4a73953e67866426de3543a455be518635715"}
}
